<?xml version="1.0" encoding="UTF-8"?>
<!-- Generated by org.testng.reporters.JUnitReportReporter -->
<testsuite skipped="0" hostname="Vladimir-MacBook-Pro.local" name="core.PrimeNumberCheckerTest" tests="3" failures="0" timestamp="05 Jul 2019 22:04:36 GMT" time="0.021" errors="0">
  <testcase name="test" time="0.017" classname="core.PrimeNumberCheckerTest"/>
  <testcase name="test" time="0.002" classname="core.PrimeNumberCheckerTest"/>
  <testcase name="test" time="0.002" classname="core.PrimeNumberCheckerTest"/>
</testsuite> <!-- core.PrimeNumberCheckerTest -->
